mode: set
beprj/src/serverfuncs/AddMockData.go:8.40,16.29 2 0
beprj/src/serverfuncs/AddMockData.go:16.29,18.26 2 0
beprj/src/serverfuncs/AddMockData.go:18.26,20.4 1 0
beprj/src/serverfuncs/AddMockData.go:23.2,28.30 2 0
beprj/src/serverfuncs/AddMockData.go:28.30,30.26 2 0
beprj/src/serverfuncs/AddMockData.go:30.26,32.4 1 0
beprj/src/serverfuncs/AddMockData.go:35.2,35.12 1 0
beprj/src/serverfuncs/add.go:18.108,26.18 3 1
beprj/src/serverfuncs/add.go:26.18,28.3 1 1
beprj/src/serverfuncs/add.go:30.2,30.11 1 1
beprj/src/serverfuncs/add.go:30.11,32.17 2 1
beprj/src/serverfuncs/add.go:32.17,34.4 1 0
beprj/src/serverfuncs/add.go:35.3,39.17 2 1
beprj/src/serverfuncs/add.go:42.2,43.17 2 1
beprj/src/serverfuncs/add.go:43.17,45.3 1 1
beprj/src/serverfuncs/add.go:46.2,47.16 2 1
beprj/src/serverfuncs/add.go:47.16,49.3 1 0
beprj/src/serverfuncs/add.go:51.2,56.16 3 1
beprj/src/serverfuncs/add.go:56.16,58.3 1 1
beprj/src/serverfuncs/add.go:59.2,60.17 2 1
beprj/src/serverfuncs/add.go:63.91,67.47 4 1
beprj/src/serverfuncs/add.go:67.47,69.3 1 1
beprj/src/serverfuncs/add.go:70.2,71.16 2 1
beprj/src/serverfuncs/add.go:71.16,73.3 1 0
beprj/src/serverfuncs/add.go:74.2,80.17 2 1
beprj/src/serverfuncs/add.go:83.91,88.47 4 1
beprj/src/serverfuncs/add.go:88.47,90.3 1 1
beprj/src/serverfuncs/add.go:91.2,92.16 2 1
beprj/src/serverfuncs/add.go:92.16,94.3 1 0
beprj/src/serverfuncs/add.go:95.2,101.17 2 1
beprj/src/serverfuncs/add.go:104.105,108.26 3 1
beprj/src/serverfuncs/add.go:108.26,110.3 1 1
beprj/src/serverfuncs/add.go:111.2,115.16 3 1
beprj/src/serverfuncs/add.go:115.16,118.3 2 0
beprj/src/serverfuncs/add.go:119.2,122.17 2 1
beprj/src/serverfuncs/add.go:125.106,127.17 2 1
beprj/src/serverfuncs/add.go:127.17,129.3 1 1
beprj/src/serverfuncs/add.go:130.2,134.17 5 1
beprj/src/serverfuncs/add.go:134.17,136.3 1 1
beprj/src/serverfuncs/add.go:137.2,138.16 2 1
beprj/src/serverfuncs/add.go:138.16,140.3 1 0
beprj/src/serverfuncs/add.go:141.2,148.17 2 1
beprj/src/serverfuncs/get.go:10.118,13.16 3 1
beprj/src/serverfuncs/get.go:13.16,15.3 1 1
beprj/src/serverfuncs/get.go:16.2,26.20 2 1
beprj/src/serverfuncs/get.go:29.98,32.16 3 1
beprj/src/serverfuncs/get.go:32.16,34.3 1 1
beprj/src/serverfuncs/get.go:35.2,40.20 2 1
beprj/src/serverfuncs/get.go:43.98,46.16 3 1
beprj/src/serverfuncs/get.go:46.16,48.3 1 1
beprj/src/serverfuncs/get.go:49.2,54.20 2 1
beprj/src/serverfuncs/get.go:57.101,59.16 2 1
beprj/src/serverfuncs/get.go:59.16,61.3 1 0
beprj/src/serverfuncs/get.go:62.2,63.29 2 1
beprj/src/serverfuncs/get.go:63.29,77.3 2 1
beprj/src/serverfuncs/get.go:78.2,78.20 1 1
beprj/src/serverfuncs/get.go:81.119,84.16 3 1
beprj/src/serverfuncs/get.go:84.16,86.3 1 1
beprj/src/serverfuncs/get.go:87.2,88.29 2 1
beprj/src/serverfuncs/get.go:88.29,101.3 2 1
beprj/src/serverfuncs/get.go:102.2,102.20 1 1
beprj/src/serverfuncs/get.go:105.111,108.16 3 1
beprj/src/serverfuncs/get.go:108.16,110.3 1 1
beprj/src/serverfuncs/get.go:111.2,112.29 2 1
beprj/src/serverfuncs/get.go:112.29,120.3 2 1
beprj/src/serverfuncs/get.go:121.2,121.20 1 1
beprj/src/serverfuncs/get.go:124.110,127.16 3 1
beprj/src/serverfuncs/get.go:127.16,129.3 1 1
beprj/src/serverfuncs/get.go:130.2,136.17 2 1
beprj/src/serverfuncs/get.go:139.123,142.16 3 1
beprj/src/serverfuncs/get.go:142.16,144.3 1 1
beprj/src/serverfuncs/get.go:145.2,146.30 2 1
beprj/src/serverfuncs/get.go:146.30,153.3 2 1
beprj/src/serverfuncs/get.go:154.2,154.22 1 1
beprj/src/serverfuncs/get.go:157.124,161.16 3 1
beprj/src/serverfuncs/get.go:161.16,163.3 1 1
beprj/src/serverfuncs/get.go:164.2,165.33 2 1
beprj/src/serverfuncs/get.go:165.33,172.3 2 1
beprj/src/serverfuncs/get.go:173.2,173.22 1 1
beprj/src/serverfuncs/update.go:12.111,14.50 1 1
beprj/src/serverfuncs/update.go:14.50,16.3 1 1
beprj/src/serverfuncs/update.go:17.2,21.16 5 1
beprj/src/serverfuncs/update.go:21.16,23.3 1 1
beprj/src/serverfuncs/update.go:24.2,28.8 1 1
beprj/src/serverfuncs/update.go:31.109,36.48 5 1
beprj/src/serverfuncs/update.go:36.48,38.3 1 1
beprj/src/serverfuncs/update.go:39.2,41.16 3 1
beprj/src/serverfuncs/update.go:41.16,44.3 2 0
beprj/src/serverfuncs/update.go:45.2,51.16 3 1
beprj/src/serverfuncs/update.go:51.16,53.3 1 1
beprj/src/serverfuncs/update.go:54.2,59.8 1 1
